Build started 07/03/2016 15:55:35.
     1>Project "C:\Users\arthu_000\Google Drive\linked_microWorld\linked_microWorld\linked_microWorld.vcxproj" on node 2 (Build target(s)).
     1>ClCompile:
         C:\Program Files (x86)\Microsoft Visual Studio 12.0\VC\bin\CL.exe /c /I"C:\Users\arthu_000\Google Drive\linked_microWorld\linked_microWorld\SFML-2.3.2\include" /I"C:\Users\arthu_000\Google Drive\linked_microWorld\GrassTile" /Zi /nologo /W3 /WX- /sdl /O2 /Oi /Oy- /GL /D _MBCS /Gm- /EHsc /MD /GS /Gy /fp:precise /Zc:wchar_t /Zc:forScope /Fo"Release\\" /Fd"Release\vc120.pdb" /Gd /TP /analyze- /errorReport:prompt sources\AIv1.cpp sources\Engine.cpp sources\AEntity.cpp sources\GrassTile.cpp sources\main.cpp sources\Map.cpp sources\MapGenerator.cpp sources\PersonBody.cpp sources\PersonSpirit.cpp sources\ResourceManager.cpp sources\Tile.cpp
         AIv1.cpp
     1>sources\AIv1.cpp(5): fatal error C1083: Cannot open include file: 'AIv1.hpp': No such file or directory
         Engine.cpp
     1>sources\Engine.cpp(5): fatal error C1083: Cannot open include file: 'Engine.hpp': No such file or directory
         AEntity.cpp
     1>sources\AEntity.cpp(5): fatal error C1083: Cannot open include file: 'AEntity.hpp': No such file or directory
         GrassTile.cpp
     1>c1xx : fatal error C1083: Cannot open source file: 'sources\GrassTile.cpp': No such file or directory
         main.cpp
     1>sources\main.cpp(7): fatal error C1083: Cannot open include file: 'Engine.hpp': No such file or directory
         Map.cpp
     1>sources\Map.cpp(5): fatal error C1083: Cannot open include file: 'Map.hpp': No such file or directory
         MapGenerator.cpp
     1>sources\MapGenerator.cpp(5): fatal error C1083: Cannot open include file: 'MapGenerator.hpp': No such file or directory
         PersonBody.cpp
     1>sources\PersonBody.cpp(5): fatal error C1083: Cannot open include file: 'PersonBody.hpp': No such file or directory
         PersonSpirit.cpp
     1>sources\PersonSpirit.cpp(5): fatal error C1083: Cannot open include file: 'PersonSpirit.hpp': No such file or directory
         ResourceManager.cpp
     1>sources\ResourceManager.cpp(16): warning C4018: '<' : signed/unsigned mismatch
         Tile.cpp
     1>sources\Tile.cpp(5): fatal error C1083: Cannot open include file: 'Tile.hpp': No such file or directory
     1>Done Building Project "C:\Users\arthu_000\Google Drive\linked_microWorld\linked_microWorld\linked_microWorld.vcxproj" (Build target(s)) -- FAILED.

Build FAILED.

Time Elapsed 00:00:01.30
