Build started 19/02/2016 09:43:43.
     1>Project "C:\Users\arthu_000\Google Drive\linked_microWorld\linked_microWorld\linked_microWorld.vcxproj" on node 2 (Build target(s)).
     1>ClCompile:
         C:\Program Files (x86)\Microsoft Visual Studio 12.0\VC\bin\CL.exe /c /I"C:\Users\arthu_000\Google Drive\linked_microWorld\linked_microWorld\SFML-2.3.2\include" /ZI /nologo /W3 /WX- /sdl /Od /Oy- /D _MBCS /Gm /EHsc /RTC1 /MDd /GS /fp:precise /Zc:wchar_t /Zc:forScope /Fo"Debug\\" /Fd"Debug\vc120.pdb" /Gd /TP /analyze- /errorReport:prompt sources\Engine.cpp sources\IEntity.cpp sources\main.cpp sources\Map.cpp sources\Person.cpp sources\Tile.cpp
         Tile.cpp
     1>c:\users\arthu_000\google drive\linked_microworld\linked_microworld\headers\tile.hpp(10): fatal error C1083: Cannot open include file: 'SFML-2.3.2/Graphics.hpp': No such file or directory
         Person.cpp
     1>c:\users\arthu_000\google drive\linked_microworld\linked_microworld\headers\person.hpp(10): fatal error C1083: Cannot open include file: 'SFML-2.3.2/Graphics.hpp': No such file or directory
         Map.cpp
     1>c:\users\arthu_000\google drive\linked_microworld\linked_microworld\headers\map.hpp(12): fatal error C1083: Cannot open include file: 'SFML-2.3.2/Graphics.hpp': No such file or directory
         main.cpp
     1>c:\users\arthu_000\google drive\linked_microworld\linked_microworld\headers\engine.hpp(14): fatal error C1083: Cannot open include file: 'SFML-2.3.2/Graphics.hpp': No such file or directory
         IEntity.cpp
     1>c:\users\arthu_000\google drive\linked_microworld\linked_microworld\headers\ientity.hpp(10): fatal error C1083: Cannot open include file: 'SFML-2.3.2/Graphics.hpp': No such file or directory
         Engine.cpp
     1>c:\users\arthu_000\google drive\linked_microworld\linked_microworld\headers\engine.hpp(14): fatal error C1083: Cannot open include file: 'SFML-2.3.2/Graphics.hpp': No such file or directory
         Generating Code...
     1>Done Building Project "C:\Users\arthu_000\Google Drive\linked_microWorld\linked_microWorld\linked_microWorld.vcxproj" (Build target(s)) -- FAILED.

Build FAILED.

Time Elapsed 00:00:01.69
